<?xml version="1.0" encoding="UTF-8"?>
<testsuite xmlns:xsi="http://www.w3.org/2001/XMLSchema-instance" xsi:noNamespaceSchemaLocation="https://maven.apache.org/surefire/maven-surefire-plugin/xsd/surefire-test-report-3.0.xsd" version="3.0" name="com.example.banking_eureka_server.BankingEurekaServerApplicationTests" time="8.723" tests="1" errors="0" skipped="0" failures="0">
  <properties>
[...]
</properties>
  <testcase name="contextLoads" classname="com.example.banking_eureka_server.BankingEurekaServerApplicationTests" time="1.836">
    <system-out><![CDATA[15:11:17.628 [main] INFO org.springframework.test.context.support.AnnotationConfigContextLoaderUtils -- Could not detect default configuration classes for test class [com.example.banking_eureka_server.BankingEurekaServerApplicationTests]: BankingEurekaServerApplicationTests does not declare any static, non-private, non-final, nested classes annotated with @Configuration.
15:11:17.744 [main] INFO org.springframework.boot.test.context.SpringBootTestContextBootstrapper -- Found @SpringBootConfiguration com.example.banking_eureka_server.BankingEurekaServerApplication for test class com.example.banking_eureka_server.BankingEurekaServerApplicationTests

  .   ____          _            __ _ _
 /\\ / ___'_ __ _ _(_)_ __  __ _ \ \ \ \
( ( )\___ | '_ | '_| | '_ \/ _` | \ \ \ \
 \\/  ___)| |_)| | | | | || (_| |  ) ) ) )
  '  |____| .__|_| |_|_| |_\__, | / / / /
 =========|_|==============|___/=/_/_/_/
 :: Spring Boot ::                (v3.1.9)

2024-03-06T15:11:18.383+07:00  INFO 1080 --- [           main] .e.b.BankingEurekaServerApplicationTests : Starting BankingEurekaServerApplicationTests using Java 17.0.10 with PID 1080 (started by Admin in D:\Banking_project_MHT\banking_eureka_server)
2024-03-06T15:11:18.385+07:00  INFO 1080 --- [           main] .e.b.BankingEurekaServerApplicationTests : No active profile set, falling back to 1 default profile: "default"
2024-03-06T15:11:20.936+07:00  INFO 1080 --- [           main] o.s.cloud.context.scope.GenericScope     : BeanFactory id=73c1a465-4d53-37b1-bad9-fd842e1fea6e
2024-03-06T15:11:23.123+07:00  WARN 1080 --- [           main] iguration$LoadBalancerCaffeineWarnLogger : Spring Cloud LoadBalancer is currently working with the default cache. While this cache implementation is useful for development and tests, it's recommended to use Caffeine cache in production.You can switch to using Caffeine cache, by adding it and org.springframework.cache.caffeine.CaffeineCacheManager to the classpath.
2024-03-06T15:11:23.451+07:00  INFO 1080 --- [           main] o.s.c.n.eureka.InstanceInfoFactory       : Setting initial instance status as: STARTING
2024-03-06T15:11:23.500+07:00  INFO 1080 --- [           main] com.netflix.discovery.DiscoveryClient    : Initializing Eureka in region us-east-1
2024-03-06T15:11:23.504+07:00  INFO 1080 --- [           main] com.netflix.discovery.DiscoveryClient    : Client configured to neither register nor query for data.
2024-03-06T15:11:23.516+07:00  INFO 1080 --- [           main] com.netflix.discovery.DiscoveryClient    : Discovery Client initialized at timestamp 1709712683515 with initial instances count: 0
2024-03-06T15:11:23.583+07:00  INFO 1080 --- [           main] c.n.eureka.DefaultEurekaServerContext    : Initializing ...
2024-03-06T15:11:23.586+07:00  INFO 1080 --- [           main] c.n.eureka.cluster.PeerEurekaNodes       : Adding new peer nodes [http://localhost:8761/eureka/]
2024-03-06T15:11:23.857+07:00  INFO 1080 --- [           main] c.n.d.provider.DiscoveryJerseyProvider   : Using JSON encoding codec LegacyJacksonJson
2024-03-06T15:11:23.857+07:00  INFO 1080 --- [           main] c.n.d.provider.DiscoveryJerseyProvider   : Using JSON decoding codec LegacyJacksonJson
2024-03-06T15:11:23.857+07:00  INFO 1080 --- [           main] c.n.d.provider.DiscoveryJerseyProvider   : Using XML encoding codec XStreamXml
2024-03-06T15:11:23.857+07:00  INFO 1080 --- [           main] c.n.d.provider.DiscoveryJerseyProvider   : Using XML decoding codec XStreamXml
2024-03-06T15:11:24.049+07:00  INFO 1080 --- [           main] c.n.eureka.cluster.PeerEurekaNodes       : Replica node URL:  http://localhost:8761/eureka/
2024-03-06T15:11:24.059+07:00  INFO 1080 --- [           main] c.n.e.registry.AbstractInstanceRegistry  : Finished initializing remote region registries. All known remote regions: []
2024-03-06T15:11:24.060+07:00  INFO 1080 --- [           main] c.n.eureka.DefaultEurekaServerContext    : Initialized
2024-03-06T15:11:24.183+07:00  INFO 1080 --- [           main] o.s.b.a.e.web.EndpointLinksResolver      : Exposing 1 endpoint(s) beneath base path '/actuator'
2024-03-06T15:11:24.249+07:00  INFO 1080 --- [           main] o.s.c.n.e.s.EurekaServiceRegistry        : Registering application UNKNOWN with eureka with status UP
2024-03-06T15:11:24.268+07:00  INFO 1080 --- [      Thread-10] o.s.c.n.e.server.EurekaServerBootstrap   : isAws returned false
2024-03-06T15:11:24.269+07:00  INFO 1080 --- [      Thread-10] o.s.c.n.e.server.EurekaServerBootstrap   : Initialized server context
2024-03-06T15:11:24.269+07:00  INFO 1080 --- [      Thread-10] c.n.e.r.PeerAwareInstanceRegistryImpl    : Got 1 instances from neighboring DS node
2024-03-06T15:11:24.269+07:00  INFO 1080 --- [      Thread-10] c.n.e.r.PeerAwareInstanceRegistryImpl    : Renew threshold is: 1
2024-03-06T15:11:24.269+07:00  INFO 1080 --- [      Thread-10] c.n.e.r.PeerAwareInstanceRegistryImpl    : Changing status to UP
2024-03-06T15:11:24.272+07:00  INFO 1080 --- [           main] .e.b.BankingEurekaServerApplicationTests : Started BankingEurekaServerApplicationTests in 6.311 seconds (process running for 7.416)
2024-03-06T15:11:24.282+07:00  INFO 1080 --- [      Thread-10] e.s.EurekaServerInitializerConfiguration : Started Eureka Server
]]></system-out>
  </testcase>
</testsuite>